<?xml version="1.0" encoding="UTF-8"?>
<!-- Generated by org.testng.reporters.JUnitXMLReporter -->
<testsuite hostname="DESKTOP-VEKUJ09" ignored="0" name="Different Feature Files Test" tests="11" failures="0" timestamp="26 Sep 2019 03:31:13 GMT" time="0.054" errors="0">
  <testcase name="loginTest" time="0.008" classname="OopsConceptQuestion.TestNGFeature"/>
  <testcase name="homepageTest" time="0.0" classname="OopsConceptQuestion.TestNGFeature"/>
  <testcase name="regpageTest" time="0.001" classname="OopsConceptQuestion.TestNGFeature"/>
  <testcase name="searchpageTest" time="0.001" classname="OopsConceptQuestion.TestNGFeature"/>
  <testcase name="sum" time="0.001" classname="OopsConceptQuestion.InvocationCount"/>
  <testcase name="sum" time="0.001" classname="OopsConceptQuestion.InvocationCount"/>
  <testcase name="sum" time="0.001" classname="OopsConceptQuestion.InvocationCount"/>
  <testcase name="sum" time="0.001" classname="OopsConceptQuestion.InvocationCount"/>
  <testcase name="sum" time="0.001" classname="OopsConceptQuestion.InvocationCount"/>
  <testcase name="sum" time="0.001" classname="OopsConceptQuestion.InvocationCount"/>
  <testcase name="test1" time="0.001" classname="OopsConceptQuestion.ExceptionTimeOutTest"/>
</testsuite> <!-- Different Feature Files Test -->
